
2017-03-26 19:40:38|orderid[479939u1490528438]|str[Buy8883651479939u14905284381.00CNY479939u149052843812132http://www.bb0044.com/dk101/callback.php0479939u1490528438CCB-NET1]|hmac[b48284e66f292bb8963d8ba6fed3935d]
2017-03-26 19:41:43|orderid[]|str[8883651]|hmac[21d9a6cdaf3c1bc2c2a4edcfc2675fa6]
2017-03-26 19:42:21|orderid[604917u1490528541]|str[Buy8883651604917u14905285411.00CNY604917u149052854112132http://www.bb0044.com/dk101/callback.php0604917u1490528541alipayd1]|hmac[52721dbf3561c5e2e2a711b5ecdd98ac]
2017-03-26 19:42:33|orderid[208514u1490528553]|str[Buy8883651208514u149052855310.00CNY208514u149052855312132http://www.bb0044.com/dk101/callback.php0208514u1490528553alipayd1]|hmac[bdb9fbf3be12a10c3ad6539873eb9b1f]
2017-03-26 19:42:49|orderid[225109u1490528569]|str[Buy8883651225109u149052856920.00CNY225109u149052856912132http://www.bb0044.com/dk101/callback.php0225109u1490528569alipayd1]|hmac[91121de16c9d08868ba027b2bbc61db4]
2017-03-26 19:43:09|orderid[793537u1490528589]|str[Buy8883651793537u149052858920.00CNY793537u149052858912132http://www.bb0044.com/dk101/callback.php0793537u1490528589weixin1]|hmac[4f1c3910f1e72fb1da759b699dc23c35]
2017-03-26 19:43:49|orderid[]|str[8883651]|hmac[21d9a6cdaf3c1bc2c2a4edcfc2675fa6]
2017-03-26 22:33:01|orderid[825207u1490538781]|str[Buy8883651825207u149053878110.00CNY825207u149053878112132http://www.bb0044.com/dk101/callback.php0825207u1490538781weixin1]|hmac[de1f62dcf55aceea9b455654efa4b41e]
2017-03-26 22:41:44|orderid[458734u1490539304]|str[Buy8883651458734u149053930410.00CNY458734u149053930412132http://www.bb0044.com/dk101/callback.php0458734u1490539304alipayd1]|hmac[085b9ef653ee3ab8c01e686045ff7ec2]
2017-03-26 22:42:14|orderid[467253u1490539334]|str[Buy8883651467253u149053933410.00CNY467253u149053933412132http://www.bb0044.com/dk101/callback.php0467253u1490539334weixin1]|hmac[6ee89bd77d8deed7c8c554b30e029097]
2017-03-26 22:43:32|orderid[611292u1490539412]|str[Buy8883651611292u149053941212.00CNY611292u149053941212132http://www.bb0044.com/dk101/callback.php0611292u1490539412alipayd1]|hmac[0a67685c1d0a82f621b46aa24fa362e7]
2017-03-26 22:46:21|orderid[376810u1490539581]|str[Buy8883651376810u149053958112.00CNY376810u149053958112132http://www.bb0044.com/dk101/callback.php0376810u1490539581alipayd1]|hmac[5668be7c2304cfded242e503c7ad82be]
2017-03-26 22:47:28|orderid[795277u1490539648]|str[Buy8883651795277u149053964812.00CNY795277u149053964812132http://www.bb0044.com/dk101/callback.php0795277u1490539648weixin1]|hmac[7838d093fbcc57a45f8408eff8e6a5f0]
2017-03-26 22:49:25|orderid[529640u1490539765]|str[Buy8883651529640u14905397651.00CNY529640u149053976512132http://www.bb0044.com/dk101/callback.php0529640u1490539765CMBCHINA-NET1]|hmac[7646309b2fddc719cb8c3d67e6012334]
2017-03-26 22:50:05|orderid[529640u1490539805]|str[Buy8883651529640u14905398051.00CNY529640u149053980512132http://www.bb0044.com/dk101/callback.php0529640u1490539805CMBCHINA-NET1]|hmac[7d40a61acbd23af3fc2b0ca53247c75c]
2017-03-26 22:56:45|orderid[u1490540205]|str[Buy8883651u14905402050.00CNYu149054020512132http://www.bb0044.com/dk101/callback.php0u14905402051]|hmac[447a0db9dd44ded013053eba0113faf8]
2017-03-26 22:57:09|orderid[399447u1490540229]|str[Buy8883651399447u149054022912.00CNY399447u149054022912132http://www.bb0044.com/dk101/callback.php0399447u1490540229alipayd1]|hmac[acdf432cd59e3db1734aac719402b048]
2017-03-26 23:00:41|orderid[699667u1490540441]|str[Buy8883651699667u14905404411.00CNY699667u149054044112132http://www.bb0044.com/dk101/callback.php0699667u1490540441alipayd1]|hmac[21a7c25bb5611bf75002b05985b705b4]
2017-03-26 23:01:12|orderid[502660u1490540472]|str[Buy8883651502660u14905404721.00CNY502660u149054047212132http://www.bb0044.com/dk101/callback.php0502660u1490540472alipayd1]|hmac[c5d323459854c0f7472f403eb87a935a]
2017-03-26 23:04:31|orderid[164043u1490540671]|str[Buy8883651164043u14905406711.00CNY164043u149054067112132http://www.bb0044.com/dk101/callback.php0164043u1490540671CMBCHINA-NET1]|hmac[8c10c601e966392ccf8b4fe439b20476]
2017-03-27 14:38:53|orderid[583549u1490596733]|str[Buy8883651583549u14905967331000.00CNY583549u149059673312132http://xc0168.com/dk101/callback.php0583549u1490596733alipayd1]|hmac[93f69d66f083efa0f833e5d76d765699]
2017-03-27 14:39:10|orderid[815942u1490596750]|str[Buy8883651815942u149059675010.00CNY815942u149059675012132http://xc0168.com/dk101/callback.php0815942u1490596750weixin1]|hmac[131f95eb02906c6dfbaaa658eeb377a6]
2017-03-27 14:39:42|orderid[470352u1490596782]|str[Buy8883651470352u1490596782100.00CNY470352u149059678212132http://xc0168.com/dk101/callback.php0470352u1490596782weixin1]|hmac[b73bccb2ccff1ca5e2117445f52f5fac]
2017-03-27 22:28:42|orderid[634996u1490624922]|str[Buy8883651634996u1490624922100.00CNY634996u149062492212132http://www.bb0044.com/dk101/callback.php0634996u1490624922weixin1]|hmac[71e23354b3a225bd1935f34b503a14f5]
2017-03-27 22:29:13|orderid[657706u1490624953]|str[Buy8883651657706u149062495310.00CNY657706u149062495312132http://www.bb0044.com/dk101/callback.php0657706u1490624953weixin1]|hmac[9eb124ab56642126854db646681345fc]
2017-03-28 17:19:13|orderid[596623u1490692753]|str[Buy8883651596623u14906927531.00CNY596623u149069275312132http://xc0168.com/dk101/callback.php0596623u1490692753PINGANBANK-NET1]|hmac[9c8215d7836b5f7c5e3ae088b447045f]
2017-03-28 17:19:14|orderid[596623u1490692754]|str[Buy8883651596623u14906927541.00CNY596623u149069275412132http://xc0168.com/dk101/callback.php0596623u1490692754PINGANBANK-NET1]|hmac[bd3c3b28ff6379287abe727d110d08f4]
2017-03-28 17:20:03|orderid[791938u1490692803]|str[Buy8883651791938u14906928031.00CNY791938u149069280312132http://xc0168.com/dk101/callback.php0791938u1490692803PINGANBANK-NET1]|hmac[2b787745a0b261688ae96426b2c4570d]
2017-03-28 17:20:41|orderid[791938u1490692841]|str[Buy8883651791938u14906928411.00CNY791938u149069284112132http://xc0168.com/dk101/callback.php0791938u1490692841PINGANBANK-NET1]|hmac[ce3440d1af4e3f8cead7c77caf305c4a]
2017-03-28 17:21:24|orderid[791938u1490692884]|str[Buy8883651791938u14906928841.00CNY791938u149069288412132http://xc0168.com/dk101/callback.php0791938u1490692884PINGANBANK-NET1]|hmac[8ff2ff8dbdaacd28632d5a2a72485d14]
2017-03-28 17:21:57|orderid[862987u1490692917]|str[Buy8883651862987u14906929171.00CNY862987u149069291712132http://xc0168.com/dk101/callback.php0862987u1490692917CCB-NET1]|hmac[8c23f2726e54a1df840b3e2a51b135e9]
2017-03-28 17:25:07|orderid[862987u1490693107]|str[Buy8883651862987u14906931071.00CNY862987u149069310712132http://xc0168.com/dk101/callback.php0862987u1490693107ABC-NET1]|hmac[03078037ee94a7ca8e20cf7218a5167c]
2017-03-28 17:30:59|orderid[862987u1490693107]|str[8883651Buy120170328172511418289B1.000RMB862987u1490693107862987u14906931072]|hmac[d7cdbe2a7ea4cd81c0eaa78b5f702bcc]
2017-03-28 17:31:29|orderid[755453u1490693489]|str[Buy8883651755453u14906934891.00CNY755453u149069348912132http://www.bb0044.com/dk101/callback.php0755453u1490693489PINGANBANK-NET1]|hmac[90ef3945e89d94ff2b2c38cdefe472bf]
2017-03-29 09:09:20|orderid[722278u1490749760]|str[Buy8883651722278u14907497601000.00CNY722278u149074976012132http://www.bb0044.com/dk101/callback.php0722278u1490749760ICBC-NET1]|hmac[beeb9e45050564cb78bc526255a0baee]
2017-03-29 09:09:30|orderid[u1490749770]|str[Buy8883651u14907497700.00CNYu149074977012132http://www.bb0044.com/dk101/callback.php0u14907497701]|hmac[ababd213c2f970c9b26a2ffaa4bd7a8b]
2017-04-01 22:24:28|orderid[945779u1491056668]|str[Buy8883651945779u1491056668100.00CNY945779u149105666812132http://www.bb0044.com/dk101/callback.php0945779u1491056668weixin1]|hmac[060cdb915ec519fcbf64adc361cd371d]
2017-04-01 22:24:38|orderid[u1491056678]|str[Buy8883651u14910566780.00CNYu149105667812132http://www.bb0044.com/dk101/callback.php0u14910566781]|hmac[5542b46f587af84f71e14d002732def0]
2017-04-01 22:30:18|orderid[945779u1491056668]|str[8883651Buy120170401222428831238Y100.000RMB945779u1491056668945779u14910566682]|hmac[ba5d31195ba22f5804f0ed8572caf77e]
2017-04-01 22:56:26|orderid[469076u1491058586]|str[Buy8883651469076u14910585865000.00CNY469076u149105858612132http://www.bb0044.com/dk101/callback.php0469076u1491058586ICBC-NET1]|hmac[28221555f6cf5b9f30e5c6dfab6f1f78]
2017-04-01 23:01:03|orderid[403308u1491058863]|str[Buy8883651403308u149105886310000.00CNY403308u149105886312132http://www.bb0044.com/dk101/callback.php0403308u1491058863ICBC-NET1]|hmac[07c4a9a264115503f70dc598d738185c]
2017-04-01 23:01:41|orderid[403308u1491058901]|str[Buy8883651403308u149105890110000.00CNY403308u149105890112132http://www.bb0044.com/dk101/callback.php0403308u1491058901ICBC-NET1]|hmac[f4fd9c86e1175e731fd595d4784d026f]
2017-04-01 23:02:15|orderid[820044u1491058935]|str[Buy8883651820044u149105893510000.00CNY820044u149105893512132http://www.bb0044.com/dk101/callback.php0820044u1491058935ICBC-NET1]|hmac[da665ebb697b3dceb4c67cbb58e2864f]
2017-04-01 23:02:42|orderid[972399u1491058962]|str[Buy8883651972399u149105896210000.00CNY972399u149105896212132http://www.bb0044.com/dk101/callback.php0972399u1491058962ICBC-NET1]|hmac[5928a288258944496d53b5ca53457d3b]
2017-04-01 23:03:28|orderid[126164u1491059008]|str[Buy8883651126164u149105900810000.00CNY126164u149105900812132http://www.bb0044.com/dk101/callback.php0126164u1491059008ICBC-NET1]|hmac[7db601512566cb4c5e3745ea9e908434]
2017-04-01 23:03:56|orderid[815676u1491059036]|str[Buy8883651815676u14910590361000.00CNY815676u149105903612132http://www.bb0044.com/dk101/callback.php0815676u1491059036alipayd1]|hmac[066cd7f82f425f3a23b5514c8ac23f20]
2017-04-01 23:04:13|orderid[126164u1491059053]|str[Buy8883651126164u149105905310000.00CNY126164u149105905312132http://www.bb0044.com/dk101/callback.php0126164u1491059053ICBC-NET1]|hmac[89b14a92b2c181e51450b37a5b7fac86]
2017-04-01 23:04:58|orderid[458913u1491059098]|str[Buy8883651458913u149105909810000.00CNY458913u149105909812132http://www.bb0044.com/dk101/callback.php0458913u1491059098CMBCHINA-NET1]|hmac[c0b825d24279a00319a08cdfd6c0c0e4]
2017-04-01 23:05:46|orderid[458913u1491059146]|str[Buy8883651458913u149105914610000.00CNY458913u149105914612132http://www.bb0044.com/dk101/callback.php0458913u1491059146CMBCHINA-NET1]|hmac[cb2f5d059c66591a2f7c7fceb031e414]
2017-04-02 01:56:57|orderid[u1491069417]|str[Buy8883651u14910694170.00CNYu149106941712132http://www.bb0044.com/dk101/callback.php0u14910694171]|hmac[ab6990b4ada900326cfd7e18a693d23e]
2017-04-02 10:34:10|orderid[287405u1491100450]|str[Buy8883651287405u14911004501000.00CNY287405u149110045012132http://www.bb0044.com/dk101/callback.php0287405u1491100450weixin1]|hmac[c742b23ac96f6ab59b66b94c03166df1]
2017-04-02 10:35:22|orderid[748660u1491100522]|str[Buy8883651748660u14911005221000.00CNY748660u149110052212132http://www.bb0044.com/dk101/callback.php0748660u1491100522weixin1]|hmac[cdcca687ac588cb024315f05360a50ab]
2017-04-02 10:35:51|orderid[344795u1491100551]|str[Buy8883651344795u14911005511000.00CNY344795u149110055112132http://www.bb0044.com/dk101/callback.php0344795u1491100551weixin1]|hmac[df93e640e5a92cfc2d4702e9745c6fa3]
2017-04-02 10:36:21|orderid[375211u1491100581]|str[Buy8883651375211u14911005811000.00CNY375211u149110058112132http://www.bb0044.com/dk101/callback.php0375211u1491100581alipayd1]|hmac[3d6343d6543c53dccce14665bf14dcc8]
2017-04-02 10:37:07|orderid[262534u1491100627]|str[Buy8883651262534u14911006271000.00CNY262534u149110062712132http://www.bb0044.com/dk101/callback.php0262534u1491100627weixin1]|hmac[61c6f743487590b960b6df3f7e968f08]
2017-04-02 10:38:40|orderid[363087u1491100720]|str[Buy8883651363087u14911007201000.00CNY363087u149110072012132http://www.bb0044.com/dk101/callback.php0363087u1491100720weixin1]|hmac[7206f6a747c250e77605fc2081c1a1af]
2017-04-02 10:39:22|orderid[256389u1491100762]|str[Buy8883651256389u1491100762500.00CNY256389u149110076212132http://www.bb0044.com/dk101/callback.php0256389u1491100762weixin1]|hmac[b02c156f7f5c391fc932066b31a59706]
2017-04-02 10:39:27|orderid[211058u1491100767]|str[Buy8883651211058u14911007671000.00CNY211058u149110076712132http://www.bb0044.com/dk101/callback.php0211058u1491100767weixin1]|hmac[9533224d78dc5e306152bff07b7f8826]
2017-04-02 10:39:59|orderid[633255u1491100799]|str[Buy8883651633255u14911007991000.00CNY633255u149110079912132http://www.bb0044.com/dk101/callback.php0633255u1491100799weixin1]|hmac[0a3ae9ed14b696bcdaadec9914969fc5]
2017-04-02 10:40:35|orderid[468854u1491100835]|str[Buy8883651468854u14911008351000.00CNY468854u149110083512132http://www.bb0044.com/dk101/callback.php0468854u1491100835weixin1]|hmac[70164f91fa4e8ab85f748cb4b9fc57ca]
2017-04-02 10:40:35|orderid[893264u1491100835]|str[Buy8883651893264u14911008351000.00CNY893264u149110083512132http://www.bb0044.com/dk101/callback.php0893264u1491100835weixin1]|hmac[f8767346ed7703265df2f03bfcfc7175]
2017-04-02 10:40:56|orderid[691759u1491100856]|str[Buy8883651691759u1491100856500.00CNY691759u149110085612132http://www.bb0044.com/dk101/callback.php0691759u1491100856weixin1]|hmac[9ae3116ef922ff17b6ea8f4806797130]
2017-04-02 10:41:38|orderid[322367u1491100898]|str[Buy8883651322367u14911008981000.00CNY322367u149110089812132http://www.bb0044.com/dk101/callback.php0322367u1491100898weixin1]|hmac[5f254206cf9e1374d73ed9477d8751f7]
2017-04-02 10:41:47|orderid[u1491100907]|str[Buy8883651u14911009070.00CNYu149110090712132http://www.bb0044.com/dk101/callback.php0u14911009071]|hmac[eeb5f91a64211b748a59ac35d7f7b18a]
2017-04-02 10:42:15|orderid[482947u1491100935]|str[Buy8883651482947u1491100935100.00CNY482947u149110093512132http://www.bb0044.com/dk101/callback.php0482947u1491100935alipayd1]|hmac[86df1b95adf8d09f566a42d72b5758d9]
2017-04-02 10:43:13|orderid[458620u1491100993]|str[Buy8883651458620u1491100993100.00CNY458620u149110099312132http://www.bb0044.com/dk101/callback.php0458620u1491100993alipayd1]|hmac[937bcb2835c0fd611ec377265b286316]
2017-04-02 10:43:23|orderid[724131u1491101003]|str[Buy8883651724131u1491101003500.00CNY724131u149110100312132http://www.bb0044.com/dk101/callback.php0724131u1491101003weixin1]|hmac[2398da39b0c2d6297263fc1cb60f2561]
2017-04-02 10:44:02|orderid[386038u1491101042]|str[Buy8883651386038u1491101042800.00CNY386038u149110104212132http://www.bb0044.com/dk101/callback.php0386038u1491101042weixin1]|hmac[bca1d14b4bce118bf8d3584ac8238f0e]
2017-04-02 10:44:06|orderid[299624u1491101046]|str[Buy8883651299624u1491101046500.00CNY299624u149110104612132http://www.bb0044.com/dk101/callback.php0299624u1491101046weixin1]|hmac[b4df73b79f722d8f0ba317bbd09ac73e]
2017-04-02 10:45:06|orderid[765554u1491101106]|str[Buy8883651765554u1491101106600.00CNY765554u149110110612132http://www.bb0044.com/dk101/callback.php0765554u1491101106weixin1]|hmac[7ef7e004f39d11e3b2e084ed3cbd131e]
2017-04-02 10:45:22|orderid[157907u1491101122]|str[Buy8883651157907u1491101122100.00CNY157907u149110112212132http://www.bb0044.com/dk101/callback.php0157907u1491101122weixin1]|hmac[dd0338775cf14265c08550c49572a510]
2017-04-02 10:45:40|orderid[157907u1491101122]|str[8883651Buy120170402104524339284R100.000RMB157907u1491101122157907u14911011222]|hmac[053035ed468b51644b8589db4d34b0e3]
2017-04-02 13:50:14|orderid[369886u1491112214]|str[Buy8883651369886u14911122141000.00CNY369886u149111221412132http://www.bb0044.com/dk101/callback.php0369886u1491112214alipayd1]|hmac[d40669297fc2f32b67c5c3f440dc6875]